22:46:57 INFO  : Launching XSCT server: xsct -n  -interactive /home/marco/Documents/2020/multipliy2019/SDK_project/temp_xsdb_launch_script.tcl
22:47:05 INFO  : XSCT server has started successfully.
22:47:05 INFO  : Successfully done setting XSCT server connection channel  
22:47:05 INFO  : Successfully done setting workspace for the tool. 
22:47:05 INFO  : plnx-install-location is set to ''
22:47:05 INFO  : Successfully done query RDI_DATADIR 
22:47:06 INFO  : Registering command handlers for Vitis TCF services
23:11:21 INFO  : Launching XSCT server: xsct -n  -interactive /home/marco/Documents/2020/multipliy2019/SDK_project/temp_xsdb_launch_script.tcl
23:11:25 INFO  : XSCT server has started successfully.
23:11:25 INFO  : Successfully done setting XSCT server connection channel  
23:11:26 INFO  : plnx-install-location is set to ''
23:11:26 INFO  : Successfully done setting workspace for the tool. 
23:11:26 INFO  : Successfully done query RDI_DATADIR 
23:11:26 INFO  : Registering command handlers for Vitis TCF services
23:14:27 INFO  : Launching XSCT server: xsct -n  -interactive /home/marco/Documents/2020/multipliy2019/SDK_project/temp_xsdb_launch_script.tcl
23:14:31 INFO  : XSCT server has started successfully.
23:14:31 INFO  : Successfully done setting XSCT server connection channel  
23:14:31 INFO  : plnx-install-location is set to ''
23:14:31 INFO  : Registering command handlers for Vitis TCF services
23:14:31 INFO  : Successfully done setting workspace for the tool. 
23:14:31 INFO  : Successfully done query RDI_DATADIR 
22:59:02 INFO  : Launching XSCT server: xsct -n  -interactive /home/marco/Documents/2020/multipliy2019/SDK_project/temp_xsdb_launch_script.tcl
22:59:06 INFO  : XSCT server has started successfully.
22:59:06 INFO  : Successfully done setting XSCT server connection channel  
22:59:06 INFO  : Registering command handlers for Vitis TCF services
22:59:06 INFO  : Successfully done setting workspace for the tool. 
22:59:06 INFO  : plnx-install-location is set to ''
22:59:06 INFO  : Successfully done query RDI_DATADIR 
21:18:33 INFO  : Launching XSCT server: xsct -n  -interactive /home/marco/Documents/2020/multipliy2019/SDK_project/temp_xsdb_launch_script.tcl
21:18:40 INFO  : XSCT server has started successfully.
21:18:40 INFO  : plnx-install-location is set to ''
21:18:40 INFO  : Successfully done setting XSCT server connection channel  
21:18:41 INFO  : Registering command handlers for Vitis TCF services
21:18:41 INFO  : Successfully done setting workspace for the tool. 
21:18:41 INFO  : Successfully done query RDI_DATADIR 
11:13:32 INFO  : Launching XSCT server: xsct -n  -interactive /home/marco/Documents/2020/multipliy2019/SDK_project/temp_xsdb_launch_script.tcl
11:13:39 INFO  : XSCT server has started successfully.
11:13:39 INFO  : plnx-install-location is set to ''
11:13:39 INFO  : Successfully done setting XSCT server connection channel  
11:13:39 INFO  : Successfully done setting workspace for the tool. 
11:13:39 INFO  : Successfully done query RDI_DATADIR 
11:13:40 INFO  : Registering command handlers for Vitis TCF services
18:59:30 INFO  : Connected to target on host '127.0.0.1' and port '3121'.
18:59:49 INFO  : ----------------XSDB Script----------------
connect -url tcp:127.0.0.1:3121
----------------End of Script----------------

18:59:49 ERROR : Could not find ARM device on the board for connection 'Local'.
Check if the target is in:
1. Split JTAG - No operations are possible with ARM DAP.
2. Non JTAG bootmode - Bootrom may need time to enable DAP.
Please try again.


Troubleshooting hints:
1. Check whether board is connected to system properly.
2. In case of zynq board, check whether Digilent/Xilinx cable switch settings are correct.
3. If you are using Xilinx Platform Cable USB, ensure that status LED is green.
19:00:47 INFO  : Checking for BSP changes to sync application flags for project 'multiplyremote'...
19:01:32 INFO  : Checking for BSP changes to sync application flags for project 'multiplyremote'...
19:02:17 INFO  : Checking for BSP changes to sync application flags for project 'multiplyremote'...
19:06:24 INFO  : Checking for BSP changes to sync application flags for project 'multiplyremote'...
19:08:19 INFO  : Checking for BSP changes to sync application flags for project 'multiplyremote'...
19:08:35 INFO  : Checking for BSP changes to sync application flags for project 'multiplyremote'...
19:10:41 INFO  : Checking for BSP changes to sync application flags for project 'multiplyremote'...
19:11:01 INFO  : Checking for BSP changes to sync application flags for project 'multiplyremote'...
20:00:42 INFO  : Checking for BSP changes to sync application flags for project 'multiplyremote'...
20:01:46 INFO  : Checking for BSP changes to sync application flags for project 'multiplyremote'...
20:02:37 INFO  : Checking for BSP changes to sync application flags for project 'multiplyremote'...
20:05:00 INFO  : Checking for BSP changes to sync application flags for project 'multiplyremote'...
20:05:46 INFO  : Checking for BSP changes to sync application flags for project 'multiplyremote'...
20:06:05 INFO  : Checking for BSP changes to sync application flags for project 'multiplyremote'...
20:06:57 INFO  : Checking for BSP changes to sync application flags for project 'multiplyremote'...
20:08:38 INFO  : Checking for BSP changes to sync application flags for project 'multiplyremote'...
20:08:56 INFO  : Checking for BSP changes to sync application flags for project 'multiplyremote'...
20:10:09 INFO  : Checking for BSP changes to sync application flags for project 'multiplyremote'...
20:10:48 INFO  : Checking for BSP changes to sync application flags for project 'multiplyremote'...
20:15:11 INFO  : Checking for BSP changes to sync application flags for project 'multiplyremote'...
20:15:40 INFO  : Checking for BSP changes to sync application flags for project 'multiplyremote'...
20:18:28 INFO  : Checking for BSP changes to sync application flags for project 'multiplyremote'...
20:20:22 INFO  : Checking for BSP changes to sync application flags for project 'multiplyremote'...
20:20:34 INFO  : Checking for BSP changes to sync application flags for project 'multiplyremote'...
20:22:57 INFO  : Checking for BSP changes to sync application flags for project 'multiplyremote'...
10:55:09 INFO  : Launching XSCT server: xsct -n  -interactive /home/marco/Documents/multipliy2019/SDK_project/temp_xsdb_launch_script.tcl
10:55:13 INFO  : Registering command handlers for Vitis TCF services
10:55:14 INFO  : XSCT server has started successfully.
10:55:14 INFO  : plnx-install-location is set to ''
10:55:14 INFO  : Successfully done setting XSCT server connection channel  
10:55:14 INFO  : Successfully done query RDI_DATADIR 
10:55:14 INFO  : Successfully done setting workspace for the tool. 
10:55:21 INFO  : Connected to target on host '127.0.0.1' and port '3121'.
10:55:39 INFO  : ----------------XSDB Script----------------
connect -url tcp:127.0.0.1:3121
----------------End of Script----------------

10:55:39 ERROR : Could not find ARM device on the board for connection 'Local'.
Check if the target is in:
1. Split JTAG - No operations are possible with ARM DAP.
2. Non JTAG bootmode - Bootrom may need time to enable DAP.
Please try again.


Troubleshooting hints:
1. Check whether board is connected to system properly.
2. In case of zynq board, check whether Digilent/Xilinx cable switch settings are correct.
3. If you are using Xilinx Platform Cable USB, ensure that status LED is green.
15:32:27 INFO  : Launching XSCT server: xsct -n  -interactive /home/marco/Documents/multipliy2019/SDK_project/temp_xsdb_launch_script.tcl
15:32:31 INFO  : XSCT server has started successfully.
15:32:32 INFO  : Registering command handlers for Vitis TCF services
15:32:32 INFO  : Successfully done setting XSCT server connection channel  
15:32:32 INFO  : plnx-install-location is set to ''
15:32:32 INFO  : Successfully done query RDI_DATADIR 
15:32:32 INFO  : Successfully done setting workspace for the tool. 
17:18:30 INFO  : Launching XSCT server: xsct -n  -interactive /home/marco/Documents/multipliy2019/SDK_project/temp_xsdb_launch_script.tcl
17:18:34 INFO  : XSCT server has started successfully.
17:18:34 INFO  : Successfully done setting XSCT server connection channel  
17:18:34 INFO  : Registering command handlers for Vitis TCF services
17:18:34 INFO  : Successfully done setting workspace for the tool. 
17:18:34 INFO  : plnx-install-location is set to ''
17:18:34 INFO  : Successfully done query RDI_DATADIR 
