Determining if files xintc.h exist failed with the following output:
Change Dir: /home/marco/Documents/2020/multipliy2019/SDK_project/zed/ps7_cortexa9_1/freertos10_xilinx_domain/bsp/ps7_cortexa9_1/libsrc/libmetal_v2_0/build_libmetal/CMakeFiles/CMakeTmp

Run Build Command:"/usr/bin/make" "cmTC_702d9/fast"
/usr/bin/make -f CMakeFiles/cmTC_702d9.dir/build.make CMakeFiles/cmTC_702d9.dir/build
make[1]: Entering directory '/home/marco/Documents/2020/multipliy2019/SDK_project/zed/ps7_cortexa9_1/freertos10_xilinx_domain/bsp/ps7_cortexa9_1/libsrc/libmetal_v2_0/build_libmetal/CMakeFiles/CMakeTmp'
Building C object CMakeFiles/cmTC_702d9.dir/CheckIncludeFiles.c.obj
/opt/Xilinx_Vitis_2019/Vitis/2019.2/gnu/aarch32/lin/gcc-arm-none-eabi/bin/arm-none-eabi-gcc   -O2 -c -mcpu=cortex-a9 -mfpu=vfpv3 -mfloat-abi=hard -nostartfiles -g -Wall -Wextra -DUSE_AMP=1 -I/home/marco/Documents/2020/multipliy2019/SDK_project/zed/ps7_cortexa9_1/freertos10_xilinx_domain/bsp/ps7_cortexa9_1/include    -o CMakeFiles/cmTC_702d9.dir/CheckIncludeFiles.c.obj   -c /home/marco/Documents/2020/multipliy2019/SDK_project/zed/ps7_cortexa9_1/freertos10_xilinx_domain/bsp/ps7_cortexa9_1/libsrc/libmetal_v2_0/build_libmetal/CMakeFiles/CMakeTmp/CheckIncludeFiles.c
/home/marco/Documents/2020/multipliy2019/SDK_project/zed/ps7_cortexa9_1/freertos10_xilinx_domain/bsp/ps7_cortexa9_1/libsrc/libmetal_v2_0/build_libmetal/CMakeFiles/CMakeTmp/CheckIncludeFiles.c:2:10: fatal error: xintc.h: No such file or directory
 #include <xintc.h>
          ^~~~~~~~~
compilation terminated.
CMakeFiles/cmTC_702d9.dir/build.make:65: recipe for target 'CMakeFiles/cmTC_702d9.dir/CheckIncludeFiles.c.obj' failed
make[1]: Leaving directory '/home/marco/Documents/2020/multipliy2019/SDK_project/zed/ps7_cortexa9_1/freertos10_xilinx_domain/bsp/ps7_cortexa9_1/libsrc/libmetal_v2_0/build_libmetal/CMakeFiles/CMakeTmp'
Makefile:126: recipe for target 'cmTC_702d9/fast' failed
make[1]: *** [CMakeFiles/cmTC_702d9.dir/CheckIncludeFiles.c.obj] Error 1
make: *** [cmTC_702d9/fast] Error 2

Source:
/* */
#include <xintc.h>


int main(void){return 0;}

