22:46:57 INFO  : Launching XSCT server: xsct -n  -interactive /home/marco/Documents/2020/multipliy2019/SDK_project/temp_xsdb_launch_script.tcl
22:47:05 INFO  : XSCT server has started successfully.
22:47:05 INFO  : Successfully done setting XSCT server connection channel  
22:47:05 INFO  : Successfully done setting workspace for the tool. 
22:47:05 INFO  : plnx-install-location is set to ''
22:47:05 INFO  : Successfully done query RDI_DATADIR 
22:47:06 INFO  : Registering command handlers for Vitis TCF services
23:11:21 INFO  : Launching XSCT server: xsct -n  -interactive /home/marco/Documents/2020/multipliy2019/SDK_project/temp_xsdb_launch_script.tcl
23:11:25 INFO  : XSCT server has started successfully.
23:11:25 INFO  : Successfully done setting XSCT server connection channel  
23:11:26 INFO  : plnx-install-location is set to ''
23:11:26 INFO  : Successfully done setting workspace for the tool. 
23:11:26 INFO  : Successfully done query RDI_DATADIR 
23:11:26 INFO  : Registering command handlers for Vitis TCF services
23:14:27 INFO  : Launching XSCT server: xsct -n  -interactive /home/marco/Documents/2020/multipliy2019/SDK_project/temp_xsdb_launch_script.tcl
23:14:31 INFO  : XSCT server has started successfully.
23:14:31 INFO  : Successfully done setting XSCT server connection channel  
23:14:31 INFO  : plnx-install-location is set to ''
23:14:31 INFO  : Registering command handlers for Vitis TCF services
23:14:31 INFO  : Successfully done setting workspace for the tool. 
23:14:31 INFO  : Successfully done query RDI_DATADIR 
22:59:02 INFO  : Launching XSCT server: xsct -n  -interactive /home/marco/Documents/2020/multipliy2019/SDK_project/temp_xsdb_launch_script.tcl
22:59:06 INFO  : XSCT server has started successfully.
22:59:06 INFO  : Successfully done setting XSCT server connection channel  
22:59:06 INFO  : Registering command handlers for Vitis TCF services
22:59:06 INFO  : Successfully done setting workspace for the tool. 
22:59:06 INFO  : plnx-install-location is set to ''
22:59:06 INFO  : Successfully done query RDI_DATADIR 
21:18:33 INFO  : Launching XSCT server: xsct -n  -interactive /home/marco/Documents/2020/multipliy2019/SDK_project/temp_xsdb_launch_script.tcl
21:18:40 INFO  : XSCT server has started successfully.
21:18:40 INFO  : plnx-install-location is set to ''
21:18:40 INFO  : Successfully done setting XSCT server connection channel  
21:18:41 INFO  : Registering command handlers for Vitis TCF services
21:18:41 INFO  : Successfully done setting workspace for the tool. 
21:18:41 INFO  : Successfully done query RDI_DATADIR 
11:13:32 INFO  : Launching XSCT server: xsct -n  -interactive /home/marco/Documents/2020/multipliy2019/SDK_project/temp_xsdb_launch_script.tcl
11:13:39 INFO  : XSCT server has started successfully.
11:13:39 INFO  : plnx-install-location is set to ''
11:13:39 INFO  : Successfully done setting XSCT server connection channel  
11:13:39 INFO  : Successfully done setting workspace for the tool. 
11:13:39 INFO  : Successfully done query RDI_DATADIR 
11:13:40 INFO  : Registering command handlers for Vitis TCF services
18:59:30 INFO  : Connected to target on host '127.0.0.1' and port '3121'.
18:59:49 INFO  : ----------------XSDB Script----------------
connect -url tcp:127.0.0.1:3121
----------------End of Script----------------

18:59:49 ERROR : Could not find ARM device on the board for connection 'Local'.
Check if the target is in:
1. Split JTAG - No operations are possible with ARM DAP.
2. Non JTAG bootmode - Bootrom may need time to enable DAP.
Please try again.


Troubleshooting hints:
1. Check whether board is connected to system properly.
2. In case of zynq board, check whether Digilent/Xilinx cable switch settings are correct.
3. If you are using Xilinx Platform Cable USB, ensure that status LED is green.
19:00:47 INFO  : Checking for BSP changes to sync application flags for project 'multiplyremote'...
19:01:32 INFO  : Checking for BSP changes to sync application flags for project 'multiplyremote'...
19:02:17 INFO  : Checking for BSP changes to sync application flags for project 'multiplyremote'...
19:06:24 INFO  : Checking for BSP changes to sync application flags for project 'multiplyremote'...
19:08:19 INFO  : Checking for BSP changes to sync application flags for project 'multiplyremote'...
19:08:35 INFO  : Checking for BSP changes to sync application flags for project 'multiplyremote'...
19:10:41 INFO  : Checking for BSP changes to sync application flags for project 'multiplyremote'...
19:11:01 INFO  : Checking for BSP changes to sync application flags for project 'multiplyremote'...
20:00:42 INFO  : Checking for BSP changes to sync application flags for project 'multiplyremote'...
20:01:46 INFO  : Checking for BSP changes to sync application flags for project 'multiplyremote'...
20:02:37 INFO  : Checking for BSP changes to sync application flags for project 'multiplyremote'...
20:05:00 INFO  : Checking for BSP changes to sync application flags for project 'multiplyremote'...
20:05:46 INFO  : Checking for BSP changes to sync application flags for project 'multiplyremote'...
20:06:05 INFO  : Checking for BSP changes to sync application flags for project 'multiplyremote'...
20:06:57 INFO  : Checking for BSP changes to sync application flags for project 'multiplyremote'...
20:08:38 INFO  : Checking for BSP changes to sync application flags for project 'multiplyremote'...
20:08:56 INFO  : Checking for BSP changes to sync application flags for project 'multiplyremote'...
20:10:09 INFO  : Checking for BSP changes to sync application flags for project 'multiplyremote'...
20:10:48 INFO  : Checking for BSP changes to sync application flags for project 'multiplyremote'...
20:15:11 INFO  : Checking for BSP changes to sync application flags for project 'multiplyremote'...
20:15:40 INFO  : Checking for BSP changes to sync application flags for project 'multiplyremote'...
20:18:28 INFO  : Checking for BSP changes to sync application flags for project 'multiplyremote'...
20:20:22 INFO  : Checking for BSP changes to sync application flags for project 'multiplyremote'...
20:20:34 INFO  : Checking for BSP changes to sync application flags for project 'multiplyremote'...
20:22:57 INFO  : Checking for BSP changes to sync application flags for project 'multiplyremote'...
11:10:37 INFO  : Launching XSCT server: xsct -n  -interactive /home/marco/Documents/2020/multipliy2019/SDK_project/temp_xsdb_launch_script.tcl
11:10:41 INFO  : XSCT server has started successfully.
11:10:41 INFO  : plnx-install-location is set to ''
11:10:41 INFO  : Successfully done setting XSCT server connection channel  
11:10:41 INFO  : Successfully done query RDI_DATADIR 
11:10:41 INFO  : Successfully done setting workspace for the tool. 
11:10:41 INFO  : Registering command handlers for Vitis TCF services
18:43:00 INFO  : Launching XSCT server: xsct -n  -interactive /home/marco/Documents/2020/multipliy2019/SDK_project/temp_xsdb_launch_script.tcl
18:43:05 INFO  : XSCT server has started successfully.
18:43:05 INFO  : Successfully done setting XSCT server connection channel  
18:43:05 INFO  : Successfully done setting workspace for the tool. 
18:43:05 INFO  : plnx-install-location is set to ''
18:43:05 INFO  : Successfully done query RDI_DATADIR 
18:43:06 INFO  : Registering command handlers for Vitis TCF services
18:46:02 INFO  : Checking for BSP changes to sync application flags for project 'multiplyremote'...
18:46:02 ERROR : Failed to get platform details for the project 'multiplyremote'. Cannot sync application flags.
18:47:31 INFO  : Successfully done sdx_reload_mss "/home/marco/Documents/2020/multipliy2019/SDK_project/zed/zynq_fsbl/zynq_fsbl_bsp/system.mss"
18:47:31 INFO  : Successfully done sdx_reload_mss "/home/marco/Documents/2020/multipliy2019/SDK_project/zed/ps7_cortexa9_1/freertos10_xilinx_domain/bsp/system.mss"
18:48:02 INFO  : Successfully done sdx_reload_mss "/home/marco/Documents/2020/multipliy2019/SDK_project/zed/zynq_fsbl/zynq_fsbl_bsp/system.mss"
18:48:02 INFO  : No changes in MSS file content so sources will not be generated.
18:48:18 INFO  : (SwPlaform) Successfully done setParamInSpec 
18:48:24 INFO  : (SwPlaform) Successfully done setParamInSpec 
18:48:33 INFO  : (SwPlaform) Successfully done setParamInSpec 
18:48:41 INFO  : (SwPlatform) Successfully done update_mss 
18:48:41 INFO  : Successfully done sdx_reload_mss "/home/marco/Documents/2020/multipliy2019/SDK_project/zed/ps7_cortexa9_1/freertos10_xilinx_domain/bsp/system.mss"
18:49:46 INFO  : Checking for BSP changes to sync application flags for project 'multiplyremote'...
18:49:46 INFO  : Updating application flags with new BSP settings...
18:49:47 INFO  : Successfully updated application flags for project multiplyremote.
18:56:01 INFO  : Checking for BSP changes to sync application flags for project 'multiplyremote'...
09:16:14 INFO  : Launching XSCT server: xsct -n  -interactive /home/marco/Documents/2020/multipliy2019/SDK_project/temp_xsdb_launch_script.tcl
09:16:19 INFO  : Registering command handlers for Vitis TCF services
09:16:21 INFO  : XSCT server has started successfully.
09:16:21 INFO  : plnx-install-location is set to ''
09:16:21 INFO  : Successfully done setting XSCT server connection channel  
09:16:21 INFO  : Successfully done setting workspace for the tool. 
09:16:21 INFO  : Successfully done query RDI_DATADIR 
17:13:34 INFO  : Checking for BSP changes to sync application flags for project 'multiplyremote'...
17:15:31 INFO  : Checking for BSP changes to sync application flags for project 'multiplyremote'...
17:15:46 INFO  : Checking for BSP changes to sync application flags for project 'multiplyremote'...
17:20:25 INFO  : Checking for BSP changes to sync application flags for project 'multiplyremote'...
17:20:35 ERROR : (XSDB Server)ERROR: [Hsi 55-1571] The design file /home/marco/Documents/2020/multipliy2019/SDK_project/zed/export/zed/hw/zed.xsa is already opened

17:21:29 INFO  : Successfully done sdx_reload_mss "/home/marco/Documents/2020/multipliy2019/SDK_project/zed/zynq_fsbl/zynq_fsbl_bsp/system.mss"
17:21:29 INFO  : Successfully done sdx_reload_mss "/home/marco/Documents/2020/multipliy2019/SDK_project/zed/ps7_cortexa9_1/freertos10_xilinx_domain/bsp/system.mss"
17:21:45 INFO  : (SwPlaform) Successfully done setParamInSpec 
17:22:02 INFO  : (SwPlatform) Successfully done update_mss 
17:22:02 INFO  : No changes in MSS file content so sources will not be generated.
17:22:13 INFO  : Checking for BSP changes to sync application flags for project 'multiplyremote'...
17:30:27 INFO  : Checking for BSP changes to sync application flags for project 'multiplyremote'...
17:39:21 INFO  : Checking for BSP changes to sync application flags for project 'multiplyremote'...
17:39:27 INFO  : Checking for BSP changes to sync application flags for project 'multiplyremote'...
17:39:38 INFO  : Checking for BSP changes to sync application flags for project 'multiplyremote'...
17:39:45 INFO  : Checking for BSP changes to sync application flags for project 'multiplyremote'...
17:46:08 ERROR : Failed to openhw "/home/marco/Documents/2020/multipliy2019/SDK_project/zed/export/zed/hw/zed.xsa"
Reason: ERROR: [Common 17-39] 'hsi::open_hw_design' failed due to earlier errors.

17:46:08 ERROR : Failed to openhw "/home/marco/Documents/2020/multipliy2019/SDK_project/zed/export/zed/hw/zed.xsa"
Reason: ERROR: [Common 17-39] 'hsi::open_hw_design' failed due to earlier errors.

17:46:46 INFO  : Checking for BSP changes to sync application flags for project 'multiplyremote'...
17:48:21 INFO  : Checking for BSP changes to sync application flags for project 'multiplyremote'...
17:49:11 INFO  : Checking for BSP changes to sync application flags for project 'multiplyremote'...
17:59:49 INFO  : Checking for BSP changes to sync application flags for project 'multiplyremote'...
18:00:27 INFO  : Checking for BSP changes to sync application flags for project 'multiplyremote'...
18:01:04 INFO  : Checking for BSP changes to sync application flags for project 'multiplyremote'...
18:02:17 INFO  : Checking for BSP changes to sync application flags for project 'multiplyremote'...
18:02:44 INFO  : Checking for BSP changes to sync application flags for project 'multiplyremote'...
18:09:40 INFO  : Checking for BSP changes to sync application flags for project 'multiplyremote'...
19:32:24 INFO  : Checking for BSP changes to sync application flags for project 'multiplyremote'...
19:37:26 INFO  : Checking for BSP changes to sync application flags for project 'multiplyremote'...
20:08:01 INFO  : Checking for BSP changes to sync application flags for project 'multiplyremote'...
09:28:27 INFO  : Launching XSCT server: xsct -n  -interactive /home/marco/Documents/2020/multipliy2019/SDK_project/temp_xsdb_launch_script.tcl
09:28:31 INFO  : XSCT server has started successfully.
09:28:31 INFO  : plnx-install-location is set to ''
09:28:31 INFO  : Successfully done setting XSCT server connection channel  
09:28:31 INFO  : Successfully done query RDI_DATADIR 
09:28:31 INFO  : Successfully done setting workspace for the tool. 
09:28:31 INFO  : Registering command handlers for Vitis TCF services
09:32:53 INFO  : Checking for BSP changes to sync application flags for project 'multiplyremote'...
09:33:01 ERROR : (XSDB Server)ERROR: [Hsi 55-1571] The design file /home/marco/Documents/2020/multipliy2019/SDK_project/zed/export/zed/hw/zed.xsa is already opened

10:40:59 INFO  : Checking for BSP changes to sync application flags for project 'multiplyremote'...
10:41:04 ERROR : (XSDB Server)ERROR: [Hsi 55-1571] The design file /home/marco/Documents/2020/multipliy2019/SDK_project/zed/export/zed/hw/zed.xsa is already opened

10:55:02 INFO  : Checking for BSP changes to sync application flags for project 'multiplyremote'...
10:55:06 ERROR : (XSDB Server)ERROR: [Hsi 55-1571] The design file /home/marco/Documents/2020/multipliy2019/SDK_project/zed/export/zed/hw/zed.xsa is already opened

11:31:44 INFO  : Checking for BSP changes to sync application flags for project 'multiplyremote'...
11:31:49 ERROR : (XSDB Server)ERROR: [Hsi 55-1571] The design file /home/marco/Documents/2020/multipliy2019/SDK_project/zed/export/zed/hw/zed.xsa is already opened

11:32:23 INFO  : Checking for BSP changes to sync application flags for project 'multiplyremote'...
11:32:28 ERROR : (XSDB Server)ERROR: [Hsi 55-1571] The design file /home/marco/Documents/2020/multipliy2019/SDK_project/zed/export/zed/hw/zed.xsa is already opened

11:32:46 INFO  : Checking for BSP changes to sync application flags for project 'multiplyremote'...
11:32:51 ERROR : (XSDB Server)ERROR: [Hsi 55-1571] The design file /home/marco/Documents/2020/multipliy2019/SDK_project/zed/export/zed/hw/zed.xsa is already opened

11:33:09 INFO  : Checking for BSP changes to sync application flags for project 'multiplyremote'...
11:33:14 ERROR : (XSDB Server)ERROR: [Hsi 55-1571] The design file /home/marco/Documents/2020/multipliy2019/SDK_project/zed/export/zed/hw/zed.xsa is already opened

11:53:57 INFO  : Checking for BSP changes to sync application flags for project 'multiplyremote'...
11:54:01 ERROR : (XSDB Server)ERROR: [Hsi 55-1571] The design file /home/marco/Documents/2020/multipliy2019/SDK_project/zed/export/zed/hw/zed.xsa is already opened

12:22:01 INFO  : Launching XSCT server: xsct -n  -interactive /home/marco/Documents/2020/multipliy2019/SDK_project/temp_xsdb_launch_script.tcl
12:22:05 INFO  : XSCT server has started successfully.
12:22:05 INFO  : plnx-install-location is set to ''
12:22:05 INFO  : Successfully done setting XSCT server connection channel  
12:22:05 INFO  : Successfully done setting workspace for the tool. 
12:22:05 INFO  : Successfully done query RDI_DATADIR 
12:22:06 INFO  : Registering command handlers for Vitis TCF services
13:24:04 INFO  : Checking for BSP changes to sync application flags for project 'multiplyremote'...
13:24:12 ERROR : (XSDB Server)ERROR: [Hsi 55-1571] The design file /home/marco/Documents/2020/multipliy2019/SDK_project/zed/export/zed/hw/zed.xsa is already opened

13:26:28 INFO  : Checking for BSP changes to sync application flags for project 'multiplyremote'...
13:26:32 ERROR : (XSDB Server)ERROR: [Hsi 55-1571] The design file /home/marco/Documents/2020/multipliy2019/SDK_project/zed/export/zed/hw/zed.xsa is already opened

13:37:10 INFO  : Checking for BSP changes to sync application flags for project 'multiplyremote'...
13:37:15 ERROR : (XSDB Server)ERROR: [Hsi 55-1571] The design file /home/marco/Documents/2020/multipliy2019/SDK_project/zed/export/zed/hw/zed.xsa is already opened

14:34:51 INFO  : Checking for BSP changes to sync application flags for project 'multiplyremote'...
14:34:55 ERROR : (XSDB Server)ERROR: [Hsi 55-1571] The design file /home/marco/Documents/2020/multipliy2019/SDK_project/zed/export/zed/hw/zed.xsa is already opened

14:35:07 INFO  : Checking for BSP changes to sync application flags for project 'multiplyremote'...
14:35:12 ERROR : (XSDB Server)ERROR: [Hsi 55-1571] The design file /home/marco/Documents/2020/multipliy2019/SDK_project/zed/export/zed/hw/zed.xsa is already opened

14:35:57 INFO  : Checking for BSP changes to sync application flags for project 'multiplyremote'...
14:36:03 ERROR : (XSDB Server)ERROR: [Hsi 55-1571] The design file /home/marco/Documents/2020/multipliy2019/SDK_project/zed/export/zed/hw/zed.xsa is already opened

14:36:31 INFO  : Checking for BSP changes to sync application flags for project 'multiplyremote'...
14:36:59 INFO  : Checking for BSP changes to sync application flags for project 'multiplyremote'...
14:37:04 ERROR : (XSDB Server)ERROR: [Hsi 55-1571] The design file /home/marco/Documents/2020/multipliy2019/SDK_project/zed/export/zed/hw/zed.xsa is already opened

14:37:25 INFO  : Checking for BSP changes to sync application flags for project 'multiplyremote'...
14:37:30 ERROR : (XSDB Server)ERROR: [Hsi 55-1571] The design file /home/marco/Documents/2020/multipliy2019/SDK_project/zed/export/zed/hw/zed.xsa is already opened

14:57:05 INFO  : Checking for BSP changes to sync application flags for project 'multiplyremote'...
14:57:09 ERROR : (XSDB Server)ERROR: [Hsi 55-1571] The design file /home/marco/Documents/2020/multipliy2019/SDK_project/zed/export/zed/hw/zed.xsa is already opened

15:00:08 INFO  : Checking for BSP changes to sync application flags for project 'multiplyremote'...
15:00:13 ERROR : (XSDB Server)ERROR: [Hsi 55-1571] The design file /home/marco/Documents/2020/multipliy2019/SDK_project/zed/export/zed/hw/zed.xsa is already opened

15:00:55 INFO  : Checking for BSP changes to sync application flags for project 'multiplyremote'...
15:00:59 ERROR : (XSDB Server)ERROR: [Hsi 55-1571] The design file /home/marco/Documents/2020/multipliy2019/SDK_project/zed/export/zed/hw/zed.xsa is already opened

15:01:54 INFO  : Checking for BSP changes to sync application flags for project 'multiplyremote'...
15:01:58 ERROR : (XSDB Server)ERROR: [Hsi 55-1571] The design file /home/marco/Documents/2020/multipliy2019/SDK_project/zed/export/zed/hw/zed.xsa is already opened

15:03:39 INFO  : Checking for BSP changes to sync application flags for project 'multiplyremote'...
15:03:44 ERROR : (XSDB Server)ERROR: [Hsi 55-1571] The design file /home/marco/Documents/2020/multipliy2019/SDK_project/zed/export/zed/hw/zed.xsa is already opened

15:04:38 INFO  : Checking for BSP changes to sync application flags for project 'multiplyremote'...
15:06:04 INFO  : Checking for BSP changes to sync application flags for project 'multiplyremote'...
15:07:56 INFO  : Checking for BSP changes to sync application flags for project 'multiplyremote'...
15:08:23 INFO  : Checking for BSP changes to sync application flags for project 'multiplyremote'...
15:09:39 INFO  : Checking for BSP changes to sync application flags for project 'multiplyremote'...
15:11:16 INFO  : Checking for BSP changes to sync application flags for project 'multiplyremote'...
15:12:33 INFO  : Checking for BSP changes to sync application flags for project 'multiplyremote'...
16:05:09 INFO  : Checking for BSP changes to sync application flags for project 'multiplyremote'...
16:25:59 INFO  : Checking for BSP changes to sync application flags for project 'multiplyremote'...
17:10:21 INFO  : Checking for BSP changes to sync application flags for project 'multiplyremote'...
17:11:13 INFO  : Checking for BSP changes to sync application flags for project 'multiplyremote'...
17:20:26 INFO  : Launching XSCT server: xsct -n  -interactive /home/marco/Documents/2020/multipliy2019/SDK_project/temp_xsdb_launch_script.tcl
17:20:30 INFO  : XSCT server has started successfully.
17:20:30 INFO  : Successfully done setting XSCT server connection channel  
17:20:30 INFO  : plnx-install-location is set to ''
17:20:30 INFO  : Successfully done setting workspace for the tool. 
17:20:30 INFO  : Successfully done query RDI_DATADIR 
17:20:31 INFO  : Registering command handlers for Vitis TCF services
17:22:27 INFO  : Checking for BSP changes to sync application flags for project 'multiplyremote'...
17:23:03 INFO  : Checking for BSP changes to sync application flags for project 'multiplyremote'...
17:45:17 INFO  : Checking for BSP changes to sync application flags for project 'multiplyremote'...
17:45:42 INFO  : Checking for BSP changes to sync application flags for project 'multiplyremote'...
21:20:45 INFO  : Checking for BSP changes to sync application flags for project 'multiplyremote'...
21:20:56 INFO  : Checking for BSP changes to sync application flags for project 'multiplyremote'...
