12:13:22 INFO  : Launching XSCT server: xsct -n  -interactive /home/marco/Documents/2020/multipliy2019/org_SDK_project/temp_xsdb_launch_script.tcl
12:13:26 INFO  : XSCT server has started successfully.
12:13:27 INFO  : plnx-install-location is set to ''
12:13:27 INFO  : Successfully done setting XSCT server connection channel  
12:13:27 INFO  : Successfully done setting workspace for the tool. 
12:13:27 INFO  : Successfully done query RDI_DATADIR 
12:13:30 INFO  : Registering command handlers for Vitis TCF services
12:16:37 INFO  : Successfully done sdx_reload_mss "/home/marco/Documents/2020/multipliy2019/org_SDK_project/zed/zynq_fsbl/zynq_fsbl_bsp/system.mss"
12:16:37 INFO  : Successfully done sdx_reload_mss "/home/marco/Documents/2020/multipliy2019/org_SDK_project/zed/ps7_cortexa9_1/freertos10_xilinx_domain/bsp/system.mss"
12:20:01 INFO  : (SwPlaform) Successfully done setParamInSpec 
12:20:22 INFO  : (SwPlaform) Successfully done setParamInSpec 
12:20:28 INFO  : (SwPlaform) Successfully done setParamInSpec 
12:20:34 INFO  : Successfully done sdx_reload_mss "/home/marco/Documents/2020/multipliy2019/org_SDK_project/zed/ps7_cortexa9_1/freertos10_xilinx_domain/bsp/system.mss"
12:20:34 INFO  : No changes in MSS file content so sources will not be generated.
12:20:42 INFO  : (SwPlaform) Successfully done setParamInSpec 
12:20:56 INFO  : (SwPlaform) Successfully done setParamInSpec 
12:21:00 INFO  : (SwPlaform) Successfully done setParamInSpec 
12:21:10 INFO  : (SwPlaform) Successfully done setParamInSpec 
12:21:10 INFO  : (SwPlatform) Successfully done update_mss 
12:21:10 INFO  : No changes in MSS file content so sources will not be generated.
12:21:24 INFO  : (SwPlaform) Successfully done setParamInSpec 
12:21:34 INFO  : (SwPlaform) Successfully done setParamInSpec 
12:21:56 INFO  : Successfully done sdx_reload_mss "/home/marco/Documents/2020/multipliy2019/org_SDK_project/zed/ps7_cortexa9_1/freertos10_xilinx_domain/bsp/system.mss"
12:21:56 INFO  : No changes in MSS file content so sources will not be generated.
12:22:05 INFO  : (SwPlaform) Successfully done setParamInSpec 
12:22:14 INFO  : (SwPlaform) Successfully done setParamInSpec 
12:22:23 INFO  : Successfully done sdx_reload_mss "/home/marco/Documents/2020/multipliy2019/org_SDK_project/zed/ps7_cortexa9_1/freertos10_xilinx_domain/bsp/system.mss"
12:22:23 INFO  : No changes in MSS file content so sources will not be generated.
12:23:06 INFO  : (SwPlatform) Successfully done update_mss 
12:23:06 INFO  : No changes in MSS file content so sources will not be generated.
12:23:25 INFO  : (SwPlaform) Successfully done setParamInSpec 
12:23:30 INFO  : (SwPlatform) Successfully done update_mss 
12:23:30 INFO  : Successfully done sdx_reload_mss "/home/marco/Documents/2020/multipliy2019/org_SDK_project/zed/ps7_cortexa9_1/freertos10_xilinx_domain/bsp/system.mss"
12:24:45 INFO  : Checking for BSP changes to sync application flags for project 'orgmultiply'...
12:24:47 INFO  : Updating application flags with new BSP settings...
12:24:47 INFO  : Successfully updated application flags for project orgmultiply.
12:35:42 INFO  : Checking for BSP changes to sync application flags for project 'orgmultiply'...
15:36:20 INFO  : Launching XSCT server: xsct -n  -interactive /home/marco/Documents/2020/multipliy2019/org_SDK_project/temp_xsdb_launch_script.tcl
15:36:24 INFO  : XSCT server has started successfully.
15:36:24 INFO  : Successfully done setting XSCT server connection channel  
15:36:24 INFO  : plnx-install-location is set to ''
15:36:24 INFO  : Successfully done query RDI_DATADIR 
15:36:24 INFO  : Successfully done setting workspace for the tool. 
15:36:25 INFO  : Registering command handlers for Vitis TCF services
15:40:46 INFO  : Launching XSCT server: xsct -n  -interactive /home/marco/Documents/2020/multipliy2019/org_SDK_project/temp_xsdb_launch_script.tcl
15:40:50 INFO  : XSCT server has started successfully.
15:40:50 INFO  : plnx-install-location is set to ''
15:40:50 INFO  : Successfully done setting XSCT server connection channel  
15:40:50 INFO  : Successfully done query RDI_DATADIR 
15:40:50 INFO  : Successfully done setting workspace for the tool. 
15:40:50 INFO  : Registering command handlers for Vitis TCF services
15:43:11 INFO  : Checking for BSP changes to sync application flags for project 'orgmultiply'...
18:32:43 INFO  : Launching XSCT server: xsct -n  -interactive /home/marco/Documents/2020/multipliy2019/org_SDK_project/temp_xsdb_launch_script.tcl
18:32:47 INFO  : XSCT server has started successfully.
18:32:47 INFO  : Successfully done setting XSCT server connection channel  
18:32:47 INFO  : plnx-install-location is set to ''
18:32:47 INFO  : Successfully done setting workspace for the tool. 
18:32:47 INFO  : Successfully done query RDI_DATADIR 
18:32:48 INFO  : Registering command handlers for Vitis TCF services
18:33:14 INFO  : Checking for BSP changes to sync application flags for project 'orgmultiply'...
18:33:22 ERROR : (XSDB Server)ERROR: [Hsi 55-1571] The design file /home/marco/Documents/2020/multipliy2019/org_SDK_project/zed/export/zed/hw/zed.xsa is already opened

18:33:35 INFO  : Checking for BSP changes to sync application flags for project 'orgmultiply'...
18:33:40 ERROR : (XSDB Server)ERROR: [Hsi 55-1571] The design file /home/marco/Documents/2020/multipliy2019/org_SDK_project/zed/export/zed/hw/zed.xsa is already opened

