16:59:30 INFO  : Registering command handlers for SDK TCF services
16:59:32 INFO  : Launching XSCT server: xsct -n -interactive /home/marco/Documents/2020/RTOS_SDK_2018/temp_xsdb_launch_script.tcl
16:59:35 INFO  : XSCT server has started successfully.
16:59:35 INFO  : Successfully done setting XSCT server connection channel  
16:59:35 INFO  : Successfully done setting SDK workspace  
17:01:42 INFO  : Project 'RTOS_vivado_2018' created. You can now create BSPs and application projects targeting this hardware platform.
17:03:38 INFO  : Connected to target on host '127.0.0.1' and port '3121'.
17:03:38 INFO  : 'targets -set -filter {jtag_cable_name =~ "Digilent Zed 210248764353" && level==0} -index 1' command is executed.
17:03:41 INFO  : FPGA configured successfully with bitstream "/home/marco/Documents/tesis/ww39_neuronal_new_IP/2020_newIP_project1/project_2/project_2.runs/impl_1/design_1_wrapper.bit"
17:04:00 INFO  : 'targets -set -filter {jtag_cable_name =~ "Digilent Zed 210248764353" && level==0} -index 1' command is executed.
17:04:00 INFO  : 'fpga -state' command is executed.
17:04:00 INFO  : Connected to target on host '127.0.0.1' and port '3121'.
17:04:00 INFO  : Jtag cable 'Digilent Zed 210248764353' is selected.
17:04:00 INFO  : 'jtag frequency' command is executed.
17:04:00 INFO  : Sourcing of '/home/marco/Documents/2020/RTOS_SDK_2018/RTOS_vivado_2018/ps7_init.tcl' is done.
17:04:00 INFO  : Context for 'APU' is selected.
17:04:00 INFO  : Hardware design information is loaded from '/home/marco/Documents/2020/RTOS_SDK_2018/RTOS_vivado_2018/system.hdf'.
17:04:00 INFO  : 'configparams force-mem-access 1' command is executed.
17:04:00 INFO  : Context for 'APU' is selected.
17:04:00 INFO  : 'stop' command is executed.
17:04:00 INFO  : 'ps7_init' command is executed.
17:04:00 INFO  : 'ps7_post_config' command is executed.
17:04:00 INFO  : Context for processor 'ps7_cortexa9_0' is selected.
17:04:00 INFO  : Processor reset is completed for 'ps7_cortexa9_0'.
17:04:00 INFO  : Context for processor 'ps7_cortexa9_0' is selected.
17:04:01 INFO  : The application '/home/marco/Documents/2020/RTOS_SDK_2018/HelloWorldOnly/Debug/HelloWorldOnly.elf' is downloaded to processor 'ps7_cortexa9_0'.
17:04:01 INFO  : 'configparams force-mem-access 0' command is executed.
17:04:01 INFO  : ----------------XSDB Script----------------
connect -url tcp:127.0.0.1:3121
source /home/marco/Documents/2020/RTOS_SDK_2018/RTOS_vivado_2018/ps7_init.tcl
targets -set -nocase -filter {name =~"APU*" && jtag_cable_name =~ "Digilent Zed 210248764353"} -index 0
loadhw -hw /home/marco/Documents/2020/RTOS_SDK_2018/RTOS_vivado_2018/system.hdf -mem-ranges [list {0x40000000 0xbfffffff}]
configparams force-mem-access 1
targets -set -nocase -filter {name =~"APU*" && jtag_cable_name =~ "Digilent Zed 210248764353"} -index 0
stop
ps7_init
ps7_post_config
targets -set -nocase -filter {name =~ "ARM*#0" && jtag_cable_name =~ "Digilent Zed 210248764353"} -index 0
rst -processor
targets -set -nocase -filter {name =~ "ARM*#0" && jtag_cable_name =~ "Digilent Zed 210248764353"} -index 0
dow /home/marco/Documents/2020/RTOS_SDK_2018/HelloWorldOnly/Debug/HelloWorldOnly.elf
configparams force-mem-access 0
----------------End of Script----------------

17:04:01 INFO  : Memory regions updated for context APU
17:04:01 INFO  : Context for processor 'ps7_cortexa9_0' is selected.
17:04:01 INFO  : 'con' command is executed.
17:04:01 INFO  : ----------------XSDB Script (After Launch)----------------
targets -set -nocase -filter {name =~ "ARM*#0" && jtag_cable_name =~ "Digilent Zed 210248764353"} -index 0
con
----------------End of Script----------------

17:04:01 INFO  : Launch script is exported to file '/home/marco/Documents/2020/RTOS_SDK_2018/.sdk/launch_scripts/xilinx_c-c++_application_(system_debugger)/system_debugger_using_debug_helloworldonly.elf_on_local.tcl'
17:05:06 INFO  : Disconnected from the channel tcfchan#1.
17:05:07 INFO  : 'targets -set -filter {jtag_cable_name =~ "Digilent Zed 210248764353" && level==0} -index 1' command is executed.
17:05:07 INFO  : 'fpga -state' command is executed.
17:05:07 INFO  : Connected to target on host '127.0.0.1' and port '3121'.
17:05:07 INFO  : Jtag cable 'Digilent Zed 210248764353' is selected.
17:05:07 INFO  : 'jtag frequency' command is executed.
17:05:07 INFO  : Sourcing of '/home/marco/Documents/2020/RTOS_SDK_2018/RTOS_vivado_2018/ps7_init.tcl' is done.
17:05:07 INFO  : Context for 'APU' is selected.
17:05:08 INFO  : Hardware design information is loaded from '/home/marco/Documents/2020/RTOS_SDK_2018/RTOS_vivado_2018/system.hdf'.
17:05:08 INFO  : 'configparams force-mem-access 1' command is executed.
17:05:08 INFO  : Context for 'APU' is selected.
17:05:08 INFO  : 'stop' command is executed.
17:05:09 INFO  : 'ps7_init' command is executed.
17:05:09 INFO  : 'ps7_post_config' command is executed.
17:05:09 INFO  : Context for processor 'ps7_cortexa9_0' is selected.
17:05:09 INFO  : Processor reset is completed for 'ps7_cortexa9_0'.
17:05:09 INFO  : Context for processor 'ps7_cortexa9_0' is selected.
17:05:09 INFO  : The application '/home/marco/Documents/2020/RTOS_SDK_2018/HelloWorldOnly/Debug/HelloWorldOnly.elf' is downloaded to processor 'ps7_cortexa9_0'.
17:05:09 INFO  : 'configparams force-mem-access 0' command is executed.
17:05:09 INFO  : ----------------XSDB Script----------------
connect -url tcp:127.0.0.1:3121
source /home/marco/Documents/2020/RTOS_SDK_2018/RTOS_vivado_2018/ps7_init.tcl
targets -set -nocase -filter {name =~"APU*" && jtag_cable_name =~ "Digilent Zed 210248764353"} -index 0
loadhw -hw /home/marco/Documents/2020/RTOS_SDK_2018/RTOS_vivado_2018/system.hdf -mem-ranges [list {0x40000000 0xbfffffff}]
configparams force-mem-access 1
targets -set -nocase -filter {name =~"APU*" && jtag_cable_name =~ "Digilent Zed 210248764353"} -index 0
stop
ps7_init
ps7_post_config
targets -set -nocase -filter {name =~ "ARM*#0" && jtag_cable_name =~ "Digilent Zed 210248764353"} -index 0
rst -processor
targets -set -nocase -filter {name =~ "ARM*#0" && jtag_cable_name =~ "Digilent Zed 210248764353"} -index 0
dow /home/marco/Documents/2020/RTOS_SDK_2018/HelloWorldOnly/Debug/HelloWorldOnly.elf
configparams force-mem-access 0
----------------End of Script----------------

17:05:09 INFO  : Memory regions updated for context APU
17:05:09 INFO  : Context for processor 'ps7_cortexa9_0' is selected.
17:05:09 INFO  : 'con' command is executed.
17:05:09 INFO  : ----------------XSDB Script (After Launch)----------------
targets -set -nocase -filter {name =~ "ARM*#0" && jtag_cable_name =~ "Digilent Zed 210248764353"} -index 0
con
----------------End of Script----------------

17:05:09 INFO  : Launch script is exported to file '/home/marco/Documents/2020/RTOS_SDK_2018/.sdk/launch_scripts/xilinx_c-c++_application_(system_debugger)/system_debugger_using_debug_helloworldonly.elf_on_local.tcl'
17:19:12 INFO  : Disconnected from the channel tcfchan#2.
17:19:14 INFO  : 'targets -set -filter {jtag_cable_name =~ "Digilent Zed 210248764353" && level==0} -index 1' command is executed.
17:19:14 INFO  : 'fpga -state' command is executed.
17:19:14 INFO  : Connected to target on host '127.0.0.1' and port '3121'.
17:19:14 INFO  : Jtag cable 'Digilent Zed 210248764353' is selected.
17:19:14 INFO  : 'jtag frequency' command is executed.
17:19:14 INFO  : Sourcing of '/home/marco/Documents/2020/RTOS_SDK_2018/RTOS_vivado_2018/ps7_init.tcl' is done.
17:19:14 INFO  : Context for 'APU' is selected.
17:19:15 INFO  : Hardware design information is loaded from '/home/marco/Documents/2020/RTOS_SDK_2018/RTOS_vivado_2018/system.hdf'.
17:19:15 INFO  : 'configparams force-mem-access 1' command is executed.
17:19:15 INFO  : Context for 'APU' is selected.
17:19:15 INFO  : 'stop' command is executed.
17:19:15 INFO  : 'ps7_init' command is executed.
17:19:15 INFO  : 'ps7_post_config' command is executed.
17:19:15 INFO  : Context for processor 'ps7_cortexa9_0' is selected.
17:19:15 INFO  : Processor reset is completed for 'ps7_cortexa9_0'.
17:19:15 INFO  : Context for processor 'ps7_cortexa9_0' is selected.
17:19:15 INFO  : The application '/home/marco/Documents/2020/RTOS_SDK_2018/Neuronal_NORTOS/Debug/Neuronal_NORTOS.elf' is downloaded to processor 'ps7_cortexa9_0'.
17:19:15 INFO  : 'configparams force-mem-access 0' command is executed.
17:19:15 INFO  : ----------------XSDB Script----------------
connect -url tcp:127.0.0.1:3121
source /home/marco/Documents/2020/RTOS_SDK_2018/RTOS_vivado_2018/ps7_init.tcl
targets -set -nocase -filter {name =~"APU*" && jtag_cable_name =~ "Digilent Zed 210248764353"} -index 0
loadhw -hw /home/marco/Documents/2020/RTOS_SDK_2018/RTOS_vivado_2018/system.hdf -mem-ranges [list {0x40000000 0xbfffffff}]
configparams force-mem-access 1
targets -set -nocase -filter {name =~"APU*" && jtag_cable_name =~ "Digilent Zed 210248764353"} -index 0
stop
ps7_init
ps7_post_config
targets -set -nocase -filter {name =~ "ARM*#0" && jtag_cable_name =~ "Digilent Zed 210248764353"} -index 0
rst -processor
targets -set -nocase -filter {name =~ "ARM*#0" && jtag_cable_name =~ "Digilent Zed 210248764353"} -index 0
dow /home/marco/Documents/2020/RTOS_SDK_2018/Neuronal_NORTOS/Debug/Neuronal_NORTOS.elf
configparams force-mem-access 0
----------------End of Script----------------

17:19:15 INFO  : Memory regions updated for context APU
17:19:15 INFO  : Context for processor 'ps7_cortexa9_0' is selected.
17:19:15 INFO  : 'con' command is executed.
17:19:15 INFO  : ----------------XSDB Script (After Launch)----------------
targets -set -nocase -filter {name =~ "ARM*#0" && jtag_cable_name =~ "Digilent Zed 210248764353"} -index 0
con
----------------End of Script----------------

17:19:15 INFO  : Launch script is exported to file '/home/marco/Documents/2020/RTOS_SDK_2018/.sdk/launch_scripts/xilinx_c-c++_application_(system_debugger)/system_debugger_using_debug_neuronal_nortos.elf_on_local.tcl'
17:39:55 INFO  : Disconnected from the channel tcfchan#3.
17:39:56 INFO  : 'targets -set -filter {jtag_cable_name =~ "Digilent Zed 210248764353" && level==0} -index 1' command is executed.
17:39:56 INFO  : 'fpga -state' command is executed.
17:39:56 INFO  : Connected to target on host '127.0.0.1' and port '3121'.
17:39:56 INFO  : Jtag cable 'Digilent Zed 210248764353' is selected.
17:39:56 INFO  : 'jtag frequency' command is executed.
17:39:56 INFO  : Sourcing of '/home/marco/Documents/2020/RTOS_SDK_2018/RTOS_vivado_2018/ps7_init.tcl' is done.
17:39:56 INFO  : Context for 'APU' is selected.
17:39:58 INFO  : Hardware design information is loaded from '/home/marco/Documents/2020/RTOS_SDK_2018/RTOS_vivado_2018/system.hdf'.
17:39:58 INFO  : 'configparams force-mem-access 1' command is executed.
17:39:58 INFO  : Context for 'APU' is selected.
17:39:58 INFO  : 'stop' command is executed.
17:39:58 INFO  : 'ps7_init' command is executed.
17:39:58 INFO  : 'ps7_post_config' command is executed.
17:39:58 INFO  : Context for processor 'ps7_cortexa9_0' is selected.
17:39:58 INFO  : Processor reset is completed for 'ps7_cortexa9_0'.
17:39:58 INFO  : Context for processor 'ps7_cortexa9_0' is selected.
17:40:00 INFO  : The application '/home/marco/Documents/2020/RTOS_SDK_2018/Neuronal_CPP_NORTOS/Debug/Neuronal_CPP_NORTOS.elf' is downloaded to processor 'ps7_cortexa9_0'.
17:40:00 INFO  : 'configparams force-mem-access 0' command is executed.
17:40:00 INFO  : ----------------XSDB Script----------------
connect -url tcp:127.0.0.1:3121
source /home/marco/Documents/2020/RTOS_SDK_2018/RTOS_vivado_2018/ps7_init.tcl
targets -set -nocase -filter {name =~"APU*" && jtag_cable_name =~ "Digilent Zed 210248764353"} -index 0
loadhw -hw /home/marco/Documents/2020/RTOS_SDK_2018/RTOS_vivado_2018/system.hdf -mem-ranges [list {0x40000000 0xbfffffff}]
configparams force-mem-access 1
targets -set -nocase -filter {name =~"APU*" && jtag_cable_name =~ "Digilent Zed 210248764353"} -index 0
stop
ps7_init
ps7_post_config
targets -set -nocase -filter {name =~ "ARM*#0" && jtag_cable_name =~ "Digilent Zed 210248764353"} -index 0
rst -processor
targets -set -nocase -filter {name =~ "ARM*#0" && jtag_cable_name =~ "Digilent Zed 210248764353"} -index 0
dow /home/marco/Documents/2020/RTOS_SDK_2018/Neuronal_CPP_NORTOS/Debug/Neuronal_CPP_NORTOS.elf
configparams force-mem-access 0
----------------End of Script----------------

17:40:00 INFO  : Memory regions updated for context APU
17:40:00 INFO  : Context for processor 'ps7_cortexa9_0' is selected.
17:40:00 INFO  : 'con' command is executed.
17:40:00 INFO  : ----------------XSDB Script (After Launch)----------------
targets -set -nocase -filter {name =~ "ARM*#0" && jtag_cable_name =~ "Digilent Zed 210248764353"} -index 0
con
----------------End of Script----------------

17:40:00 INFO  : Launch script is exported to file '/home/marco/Documents/2020/RTOS_SDK_2018/.sdk/launch_scripts/xilinx_c-c++_application_(system_debugger)/system_debugger_using_debug_neuronal_cpp_nortos.elf_on_local.tcl'
17:40:14 INFO  : Disconnected from the channel tcfchan#4.
17:40:15 INFO  : 'targets -set -filter {jtag_cable_name =~ "Digilent Zed 210248764353" && level==0} -index 1' command is executed.
17:40:15 INFO  : 'fpga -state' command is executed.
17:40:15 INFO  : Connected to target on host '127.0.0.1' and port '3121'.
17:40:16 INFO  : Jtag cable 'Digilent Zed 210248764353' is selected.
17:40:16 INFO  : 'jtag frequency' command is executed.
17:40:16 INFO  : Sourcing of '/home/marco/Documents/2020/RTOS_SDK_2018/RTOS_vivado_2018/ps7_init.tcl' is done.
17:40:16 INFO  : Context for 'APU' is selected.
17:40:17 INFO  : Hardware design information is loaded from '/home/marco/Documents/2020/RTOS_SDK_2018/RTOS_vivado_2018/system.hdf'.
17:40:17 INFO  : 'configparams force-mem-access 1' command is executed.
17:40:17 INFO  : Context for 'APU' is selected.
17:40:17 INFO  : 'stop' command is executed.
17:40:17 INFO  : 'ps7_init' command is executed.
17:40:17 INFO  : 'ps7_post_config' command is executed.
17:40:17 INFO  : Context for processor 'ps7_cortexa9_0' is selected.
17:40:17 INFO  : Processor reset is completed for 'ps7_cortexa9_0'.
17:40:17 INFO  : Context for processor 'ps7_cortexa9_0' is selected.
17:40:19 INFO  : The application '/home/marco/Documents/2020/RTOS_SDK_2018/Neuronal_CPP_NORTOS/Debug/Neuronal_CPP_NORTOS.elf' is downloaded to processor 'ps7_cortexa9_0'.
17:40:19 INFO  : 'configparams force-mem-access 0' command is executed.
17:40:19 INFO  : ----------------XSDB Script----------------
connect -url tcp:127.0.0.1:3121
source /home/marco/Documents/2020/RTOS_SDK_2018/RTOS_vivado_2018/ps7_init.tcl
targets -set -nocase -filter {name =~"APU*" && jtag_cable_name =~ "Digilent Zed 210248764353"} -index 0
loadhw -hw /home/marco/Documents/2020/RTOS_SDK_2018/RTOS_vivado_2018/system.hdf -mem-ranges [list {0x40000000 0xbfffffff}]
configparams force-mem-access 1
targets -set -nocase -filter {name =~"APU*" && jtag_cable_name =~ "Digilent Zed 210248764353"} -index 0
stop
ps7_init
ps7_post_config
targets -set -nocase -filter {name =~ "ARM*#0" && jtag_cable_name =~ "Digilent Zed 210248764353"} -index 0
rst -processor
targets -set -nocase -filter {name =~ "ARM*#0" && jtag_cable_name =~ "Digilent Zed 210248764353"} -index 0
dow /home/marco/Documents/2020/RTOS_SDK_2018/Neuronal_CPP_NORTOS/Debug/Neuronal_CPP_NORTOS.elf
configparams force-mem-access 0
----------------End of Script----------------

17:40:19 INFO  : Memory regions updated for context APU
17:40:19 INFO  : Context for processor 'ps7_cortexa9_0' is selected.
17:40:19 INFO  : 'con' command is executed.
17:40:19 INFO  : ----------------XSDB Script (After Launch)----------------
targets -set -nocase -filter {name =~ "ARM*#0" && jtag_cable_name =~ "Digilent Zed 210248764353"} -index 0
con
----------------End of Script----------------

17:40:19 INFO  : Launch script is exported to file '/home/marco/Documents/2020/RTOS_SDK_2018/.sdk/launch_scripts/xilinx_c-c++_application_(system_debugger)/system_debugger_using_debug_neuronal_cpp_nortos.elf_on_local.tcl'
17:45:16 INFO  : Disconnected from the channel tcfchan#5.
17:45:17 INFO  : 'targets -set -filter {jtag_cable_name =~ "Digilent Zed 210248764353" && level==0} -index 1' command is executed.
17:45:17 INFO  : 'fpga -state' command is executed.
17:45:17 INFO  : Connected to target on host '127.0.0.1' and port '3121'.
17:45:17 INFO  : Jtag cable 'Digilent Zed 210248764353' is selected.
17:45:17 INFO  : 'jtag frequency' command is executed.
17:45:17 INFO  : Sourcing of '/home/marco/Documents/2020/RTOS_SDK_2018/RTOS_vivado_2018/ps7_init.tcl' is done.
17:45:17 INFO  : Context for 'APU' is selected.
17:45:19 INFO  : Hardware design information is loaded from '/home/marco/Documents/2020/RTOS_SDK_2018/RTOS_vivado_2018/system.hdf'.
17:45:19 INFO  : 'configparams force-mem-access 1' command is executed.
17:45:19 INFO  : Context for 'APU' is selected.
17:45:19 INFO  : 'stop' command is executed.
17:45:19 INFO  : 'ps7_init' command is executed.
17:45:19 INFO  : 'ps7_post_config' command is executed.
17:45:19 INFO  : Context for processor 'ps7_cortexa9_0' is selected.
17:45:19 INFO  : Processor reset is completed for 'ps7_cortexa9_0'.
17:45:19 INFO  : Context for processor 'ps7_cortexa9_0' is selected.
17:45:21 INFO  : The application '/home/marco/Documents/2020/RTOS_SDK_2018/Neuronal_CPP_NORTOS/Debug/Neuronal_CPP_NORTOS.elf' is downloaded to processor 'ps7_cortexa9_0'.
17:45:21 INFO  : 'configparams force-mem-access 0' command is executed.
17:45:21 INFO  : ----------------XSDB Script----------------
connect -url tcp:127.0.0.1:3121
source /home/marco/Documents/2020/RTOS_SDK_2018/RTOS_vivado_2018/ps7_init.tcl
targets -set -nocase -filter {name =~"APU*" && jtag_cable_name =~ "Digilent Zed 210248764353"} -index 0
loadhw -hw /home/marco/Documents/2020/RTOS_SDK_2018/RTOS_vivado_2018/system.hdf -mem-ranges [list {0x40000000 0xbfffffff}]
configparams force-mem-access 1
targets -set -nocase -filter {name =~"APU*" && jtag_cable_name =~ "Digilent Zed 210248764353"} -index 0
stop
ps7_init
ps7_post_config
targets -set -nocase -filter {name =~ "ARM*#0" && jtag_cable_name =~ "Digilent Zed 210248764353"} -index 0
rst -processor
targets -set -nocase -filter {name =~ "ARM*#0" && jtag_cable_name =~ "Digilent Zed 210248764353"} -index 0
dow /home/marco/Documents/2020/RTOS_SDK_2018/Neuronal_CPP_NORTOS/Debug/Neuronal_CPP_NORTOS.elf
configparams force-mem-access 0
----------------End of Script----------------

17:45:21 INFO  : Memory regions updated for context APU
17:45:21 INFO  : Context for processor 'ps7_cortexa9_0' is selected.
17:45:21 INFO  : 'con' command is executed.
17:45:21 INFO  : ----------------XSDB Script (After Launch)----------------
targets -set -nocase -filter {name =~ "ARM*#0" && jtag_cable_name =~ "Digilent Zed 210248764353"} -index 0
con
----------------End of Script----------------

17:45:21 INFO  : Launch script is exported to file '/home/marco/Documents/2020/RTOS_SDK_2018/.sdk/launch_scripts/xilinx_c-c++_application_(system_debugger)/system_debugger_using_debug_neuronal_cpp_nortos.elf_on_local.tcl'
17:45:41 INFO  : Disconnected from the channel tcfchan#6.
17:45:42 INFO  : 'targets -set -filter {jtag_cable_name =~ "Digilent Zed 210248764353" && level==0} -index 1' command is executed.
17:45:42 INFO  : 'fpga -state' command is executed.
17:45:42 INFO  : Connected to target on host '127.0.0.1' and port '3121'.
17:45:43 INFO  : Jtag cable 'Digilent Zed 210248764353' is selected.
17:45:43 INFO  : 'jtag frequency' command is executed.
17:45:43 INFO  : Sourcing of '/home/marco/Documents/2020/RTOS_SDK_2018/RTOS_vivado_2018/ps7_init.tcl' is done.
17:45:43 INFO  : Context for 'APU' is selected.
17:45:44 INFO  : Hardware design information is loaded from '/home/marco/Documents/2020/RTOS_SDK_2018/RTOS_vivado_2018/system.hdf'.
17:45:44 INFO  : 'configparams force-mem-access 1' command is executed.
17:45:44 INFO  : Context for 'APU' is selected.
17:45:44 INFO  : 'stop' command is executed.
17:45:44 INFO  : 'ps7_init' command is executed.
17:45:44 INFO  : 'ps7_post_config' command is executed.
17:45:44 INFO  : Context for processor 'ps7_cortexa9_0' is selected.
17:45:44 INFO  : Processor reset is completed for 'ps7_cortexa9_0'.
17:45:44 INFO  : Context for processor 'ps7_cortexa9_0' is selected.
17:45:46 INFO  : The application '/home/marco/Documents/2020/RTOS_SDK_2018/Neuronal_CPP_NORTOS/Debug/Neuronal_CPP_NORTOS.elf' is downloaded to processor 'ps7_cortexa9_0'.
17:45:46 INFO  : 'configparams force-mem-access 0' command is executed.
17:45:46 INFO  : ----------------XSDB Script----------------
connect -url tcp:127.0.0.1:3121
source /home/marco/Documents/2020/RTOS_SDK_2018/RTOS_vivado_2018/ps7_init.tcl
targets -set -nocase -filter {name =~"APU*" && jtag_cable_name =~ "Digilent Zed 210248764353"} -index 0
loadhw -hw /home/marco/Documents/2020/RTOS_SDK_2018/RTOS_vivado_2018/system.hdf -mem-ranges [list {0x40000000 0xbfffffff}]
configparams force-mem-access 1
targets -set -nocase -filter {name =~"APU*" && jtag_cable_name =~ "Digilent Zed 210248764353"} -index 0
stop
ps7_init
ps7_post_config
targets -set -nocase -filter {name =~ "ARM*#0" && jtag_cable_name =~ "Digilent Zed 210248764353"} -index 0
rst -processor
targets -set -nocase -filter {name =~ "ARM*#0" && jtag_cable_name =~ "Digilent Zed 210248764353"} -index 0
dow /home/marco/Documents/2020/RTOS_SDK_2018/Neuronal_CPP_NORTOS/Debug/Neuronal_CPP_NORTOS.elf
configparams force-mem-access 0
----------------End of Script----------------

17:45:46 INFO  : Memory regions updated for context APU
17:45:46 INFO  : Context for processor 'ps7_cortexa9_0' is selected.
17:45:46 INFO  : 'con' command is executed.
17:45:46 INFO  : ----------------XSDB Script (After Launch)----------------
targets -set -nocase -filter {name =~ "ARM*#0" && jtag_cable_name =~ "Digilent Zed 210248764353"} -index 0
con
----------------End of Script----------------

17:45:46 INFO  : Launch script is exported to file '/home/marco/Documents/2020/RTOS_SDK_2018/.sdk/launch_scripts/xilinx_c-c++_application_(system_debugger)/system_debugger_using_debug_neuronal_cpp_nortos.elf_on_local.tcl'
16:12:06 INFO  : Registering command handlers for SDK TCF services
16:12:10 INFO  : Launching XSCT server: xsct -n -interactive /home/marco/Documents/2020/RTOS_SDK_2018/temp_xsdb_launch_script.tcl
16:12:22 INFO  : XSCT server has started successfully.
16:12:22 INFO  : Successfully done setting XSCT server connection channel  
16:12:22 INFO  : Successfully done setting SDK workspace  
10:05:18 INFO  : Registering command handlers for SDK TCF services
10:05:20 INFO  : Launching XSCT server: xsct -n -interactive /home/marco/Documents/2020/RTOS_SDK_2018/temp_xsdb_launch_script.tcl
10:05:24 INFO  : XSCT server has started successfully.
10:05:24 INFO  : Successfully done setting XSCT server connection channel  
10:05:24 INFO  : Successfully done setting SDK workspace  
18:06:47 INFO  : Registering command handlers for SDK TCF services
18:06:49 INFO  : Launching XSCT server: xsct -n -interactive /home/marco/Documents/2020/RTOS_SDK_2018/temp_xsdb_launch_script.tcl
18:06:52 INFO  : XSCT server has started successfully.
18:06:52 INFO  : Successfully done setting XSCT server connection channel  
18:06:52 INFO  : Successfully done setting SDK workspace  
21:05:23 INFO  : Registering command handlers for SDK TCF services
21:05:24 INFO  : Launching XSCT server: xsct -n -interactive /home/marco/Documents/2020/RTOS_SDK_2018/temp_xsdb_launch_script.tcl
21:05:27 INFO  : XSCT server has started successfully.
21:05:28 INFO  : Successfully done setting XSCT server connection channel  
21:05:28 INFO  : Successfully done setting SDK workspace  
22:25:38 INFO  : Connected to target on host '127.0.0.1' and port '3121'.
22:25:38 INFO  : 'targets -set -filter {jtag_cable_name =~ "Digilent Zed 210248764353" && level==0} -index 1' command is executed.
22:25:40 INFO  : FPGA configured successfully with bitstream "/home/marco/Documents/2020/RTOS_SDK_2018/RTOS_vivado_2018/design_1_wrapper.bit"
22:25:57 INFO  : 'targets -set -filter {jtag_cable_name =~ "Digilent Zed 210248764353" && level==0} -index 1' command is executed.
22:25:57 INFO  : 'fpga -state' command is executed.
22:25:57 INFO  : Connected to target on host '127.0.0.1' and port '3121'.
22:25:58 INFO  : Jtag cable 'Digilent Zed 210248764353' is selected.
22:25:58 INFO  : 'jtag frequency' command is executed.
22:25:58 INFO  : Sourcing of '/home/marco/Documents/2020/RTOS_SDK_2018/RTOS_vivado_2018/ps7_init.tcl' is done.
22:25:58 INFO  : Context for 'APU' is selected.
22:25:58 INFO  : Hardware design information is loaded from '/home/marco/Documents/2020/RTOS_SDK_2018/RTOS_vivado_2018/system.hdf'.
22:25:58 INFO  : 'configparams force-mem-access 1' command is executed.
22:25:58 INFO  : Context for 'APU' is selected.
22:25:58 INFO  : 'stop' command is executed.
22:25:58 INFO  : 'ps7_init' command is executed.
22:25:58 INFO  : 'ps7_post_config' command is executed.
22:25:58 INFO  : Context for processor 'ps7_cortexa9_0' is selected.
22:25:58 INFO  : Processor reset is completed for 'ps7_cortexa9_0'.
22:25:58 INFO  : Context for processor 'ps7_cortexa9_0' is selected.
22:26:00 INFO  : The application '/home/marco/Documents/2020/RTOS_SDK_2018/RTOS_CPP_NEURONAL/Debug/RTOS_CPP_NEURONAL.elf' is downloaded to processor 'ps7_cortexa9_0'.
22:26:00 INFO  : 'configparams force-mem-access 0' command is executed.
22:26:00 INFO  : ----------------XSDB Script----------------
connect -url tcp:127.0.0.1:3121
source /home/marco/Documents/2020/RTOS_SDK_2018/RTOS_vivado_2018/ps7_init.tcl
targets -set -nocase -filter {name =~"APU*" && jtag_cable_name =~ "Digilent Zed 210248764353"} -index 0
loadhw -hw /home/marco/Documents/2020/RTOS_SDK_2018/RTOS_vivado_2018/system.hdf -mem-ranges [list {0x40000000 0xbfffffff}]
configparams force-mem-access 1
targets -set -nocase -filter {name =~"APU*" && jtag_cable_name =~ "Digilent Zed 210248764353"} -index 0
stop
ps7_init
ps7_post_config
targets -set -nocase -filter {name =~ "ARM*#0" && jtag_cable_name =~ "Digilent Zed 210248764353"} -index 0
rst -processor
targets -set -nocase -filter {name =~ "ARM*#0" && jtag_cable_name =~ "Digilent Zed 210248764353"} -index 0
dow /home/marco/Documents/2020/RTOS_SDK_2018/RTOS_CPP_NEURONAL/Debug/RTOS_CPP_NEURONAL.elf
configparams force-mem-access 0
----------------End of Script----------------

22:26:00 INFO  : Memory regions updated for context APU
22:26:00 INFO  : Context for processor 'ps7_cortexa9_0' is selected.
22:26:00 INFO  : 'con' command is executed.
22:26:00 INFO  : ----------------XSDB Script (After Launch)----------------
targets -set -nocase -filter {name =~ "ARM*#0" && jtag_cable_name =~ "Digilent Zed 210248764353"} -index 0
con
----------------End of Script----------------

22:26:00 INFO  : Launch script is exported to file '/home/marco/Documents/2020/RTOS_SDK_2018/.sdk/launch_scripts/xilinx_c-c++_application_(system_debugger)/system_debugger_using_debug_rtos_cpp_neuronal.elf_on_local.tcl'
22:26:35 INFO  : Disconnected from the channel tcfchan#1.
22:26:36 INFO  : 'targets -set -filter {jtag_cable_name =~ "Digilent Zed 210248764353" && level==0} -index 1' command is executed.
22:26:36 INFO  : 'fpga -state' command is executed.
22:26:36 INFO  : Connected to target on host '127.0.0.1' and port '3121'.
22:26:37 INFO  : Jtag cable 'Digilent Zed 210248764353' is selected.
22:26:37 INFO  : 'jtag frequency' command is executed.
22:26:37 INFO  : Sourcing of '/home/marco/Documents/2020/RTOS_SDK_2018/RTOS_vivado_2018/ps7_init.tcl' is done.
22:26:37 INFO  : Context for 'APU' is selected.
22:26:38 INFO  : Hardware design information is loaded from '/home/marco/Documents/2020/RTOS_SDK_2018/RTOS_vivado_2018/system.hdf'.
22:26:38 INFO  : 'configparams force-mem-access 1' command is executed.
22:26:38 INFO  : Context for 'APU' is selected.
22:26:38 INFO  : 'stop' command is executed.
22:26:39 INFO  : 'ps7_init' command is executed.
22:26:39 INFO  : 'ps7_post_config' command is executed.
22:26:39 INFO  : Context for processor 'ps7_cortexa9_0' is selected.
22:26:39 INFO  : Processor reset is completed for 'ps7_cortexa9_0'.
22:26:39 INFO  : Context for processor 'ps7_cortexa9_0' is selected.
22:26:40 INFO  : The application '/home/marco/Documents/2020/RTOS_SDK_2018/RTOS_CPP_NEURONAL/Debug/RTOS_CPP_NEURONAL.elf' is downloaded to processor 'ps7_cortexa9_0'.
22:26:40 INFO  : 'configparams force-mem-access 0' command is executed.
22:26:40 INFO  : ----------------XSDB Script----------------
connect -url tcp:127.0.0.1:3121
source /home/marco/Documents/2020/RTOS_SDK_2018/RTOS_vivado_2018/ps7_init.tcl
targets -set -nocase -filter {name =~"APU*" && jtag_cable_name =~ "Digilent Zed 210248764353"} -index 0
loadhw -hw /home/marco/Documents/2020/RTOS_SDK_2018/RTOS_vivado_2018/system.hdf -mem-ranges [list {0x40000000 0xbfffffff}]
configparams force-mem-access 1
targets -set -nocase -filter {name =~"APU*" && jtag_cable_name =~ "Digilent Zed 210248764353"} -index 0
stop
ps7_init
ps7_post_config
targets -set -nocase -filter {name =~ "ARM*#0" && jtag_cable_name =~ "Digilent Zed 210248764353"} -index 0
rst -processor
targets -set -nocase -filter {name =~ "ARM*#0" && jtag_cable_name =~ "Digilent Zed 210248764353"} -index 0
dow /home/marco/Documents/2020/RTOS_SDK_2018/RTOS_CPP_NEURONAL/Debug/RTOS_CPP_NEURONAL.elf
configparams force-mem-access 0
----------------End of Script----------------

22:26:40 INFO  : Memory regions updated for context APU
22:26:41 INFO  : Context for processor 'ps7_cortexa9_0' is selected.
22:26:41 INFO  : 'con' command is executed.
22:26:41 INFO  : ----------------XSDB Script (After Launch)----------------
targets -set -nocase -filter {name =~ "ARM*#0" && jtag_cable_name =~ "Digilent Zed 210248764353"} -index 0
con
----------------End of Script----------------

22:26:41 INFO  : Launch script is exported to file '/home/marco/Documents/2020/RTOS_SDK_2018/.sdk/launch_scripts/xilinx_c-c++_application_(system_debugger)/system_debugger_using_debug_rtos_cpp_neuronal.elf_on_local.tcl'
22:27:31 INFO  : Disconnected from the channel tcfchan#2.
22:27:32 INFO  : 'targets -set -filter {jtag_cable_name =~ "Digilent Zed 210248764353" && level==0} -index 1' command is executed.
22:27:32 INFO  : 'fpga -state' command is executed.
22:27:32 INFO  : Connected to target on host '127.0.0.1' and port '3121'.
22:27:33 INFO  : Jtag cable 'Digilent Zed 210248764353' is selected.
22:27:33 INFO  : 'jtag frequency' command is executed.
22:27:33 INFO  : Sourcing of '/home/marco/Documents/2020/RTOS_SDK_2018/RTOS_vivado_2018/ps7_init.tcl' is done.
22:27:33 INFO  : Context for 'APU' is selected.
22:27:34 INFO  : Hardware design information is loaded from '/home/marco/Documents/2020/RTOS_SDK_2018/RTOS_vivado_2018/system.hdf'.
22:27:34 INFO  : 'configparams force-mem-access 1' command is executed.
22:27:34 INFO  : Context for 'APU' is selected.
22:27:34 INFO  : 'stop' command is executed.
22:27:34 INFO  : 'ps7_init' command is executed.
22:27:34 INFO  : 'ps7_post_config' command is executed.
22:27:34 INFO  : Context for processor 'ps7_cortexa9_0' is selected.
22:27:34 INFO  : Processor reset is completed for 'ps7_cortexa9_0'.
22:27:34 INFO  : Context for processor 'ps7_cortexa9_0' is selected.
22:27:36 INFO  : The application '/home/marco/Documents/2020/RTOS_SDK_2018/RTOS_CPP_NEURONAL/Debug/RTOS_CPP_NEURONAL.elf' is downloaded to processor 'ps7_cortexa9_0'.
22:27:36 INFO  : 'configparams force-mem-access 0' command is executed.
22:27:36 INFO  : ----------------XSDB Script----------------
connect -url tcp:127.0.0.1:3121
source /home/marco/Documents/2020/RTOS_SDK_2018/RTOS_vivado_2018/ps7_init.tcl
targets -set -nocase -filter {name =~"APU*" && jtag_cable_name =~ "Digilent Zed 210248764353"} -index 0
loadhw -hw /home/marco/Documents/2020/RTOS_SDK_2018/RTOS_vivado_2018/system.hdf -mem-ranges [list {0x40000000 0xbfffffff}]
configparams force-mem-access 1
targets -set -nocase -filter {name =~"APU*" && jtag_cable_name =~ "Digilent Zed 210248764353"} -index 0
stop
ps7_init
ps7_post_config
targets -set -nocase -filter {name =~ "ARM*#0" && jtag_cable_name =~ "Digilent Zed 210248764353"} -index 0
rst -processor
targets -set -nocase -filter {name =~ "ARM*#0" && jtag_cable_name =~ "Digilent Zed 210248764353"} -index 0
dow /home/marco/Documents/2020/RTOS_SDK_2018/RTOS_CPP_NEURONAL/Debug/RTOS_CPP_NEURONAL.elf
configparams force-mem-access 0
----------------End of Script----------------

22:27:36 INFO  : Memory regions updated for context APU
22:27:36 INFO  : Context for processor 'ps7_cortexa9_0' is selected.
22:27:36 INFO  : 'con' command is executed.
22:27:36 INFO  : ----------------XSDB Script (After Launch)----------------
targets -set -nocase -filter {name =~ "ARM*#0" && jtag_cable_name =~ "Digilent Zed 210248764353"} -index 0
con
----------------End of Script----------------

22:27:36 INFO  : Launch script is exported to file '/home/marco/Documents/2020/RTOS_SDK_2018/.sdk/launch_scripts/xilinx_c-c++_application_(system_debugger)/system_debugger_using_debug_rtos_cpp_neuronal.elf_on_local.tcl'
22:28:22 INFO  : Disconnected from the channel tcfchan#3.
22:28:23 INFO  : 'targets -set -filter {jtag_cable_name =~ "Digilent Zed 210248764353" && level==0} -index 1' command is executed.
22:28:23 INFO  : 'fpga -state' command is executed.
22:28:23 INFO  : Connected to target on host '127.0.0.1' and port '3121'.
22:28:23 INFO  : Jtag cable 'Digilent Zed 210248764353' is selected.
22:28:23 INFO  : 'jtag frequency' command is executed.
22:28:23 INFO  : Sourcing of '/home/marco/Documents/2020/RTOS_SDK_2018/RTOS_vivado_2018/ps7_init.tcl' is done.
22:28:23 INFO  : Context for 'APU' is selected.
22:28:25 INFO  : Hardware design information is loaded from '/home/marco/Documents/2020/RTOS_SDK_2018/RTOS_vivado_2018/system.hdf'.
22:28:25 INFO  : 'configparams force-mem-access 1' command is executed.
22:28:25 INFO  : Context for 'APU' is selected.
22:28:25 INFO  : 'stop' command is executed.
22:28:25 INFO  : 'ps7_init' command is executed.
22:28:25 INFO  : 'ps7_post_config' command is executed.
22:28:25 INFO  : Context for processor 'ps7_cortexa9_0' is selected.
22:28:25 INFO  : Processor reset is completed for 'ps7_cortexa9_0'.
22:28:25 INFO  : Context for processor 'ps7_cortexa9_0' is selected.
22:28:27 INFO  : The application '/home/marco/Documents/2020/RTOS_SDK_2018/RTOS_CPP_NEURONAL/Debug/RTOS_CPP_NEURONAL.elf' is downloaded to processor 'ps7_cortexa9_0'.
22:28:27 INFO  : 'configparams force-mem-access 0' command is executed.
22:28:27 INFO  : ----------------XSDB Script----------------
connect -url tcp:127.0.0.1:3121
source /home/marco/Documents/2020/RTOS_SDK_2018/RTOS_vivado_2018/ps7_init.tcl
targets -set -nocase -filter {name =~"APU*" && jtag_cable_name =~ "Digilent Zed 210248764353"} -index 0
loadhw -hw /home/marco/Documents/2020/RTOS_SDK_2018/RTOS_vivado_2018/system.hdf -mem-ranges [list {0x40000000 0xbfffffff}]
configparams force-mem-access 1
targets -set -nocase -filter {name =~"APU*" && jtag_cable_name =~ "Digilent Zed 210248764353"} -index 0
stop
ps7_init
ps7_post_config
targets -set -nocase -filter {name =~ "ARM*#0" && jtag_cable_name =~ "Digilent Zed 210248764353"} -index 0
rst -processor
targets -set -nocase -filter {name =~ "ARM*#0" && jtag_cable_name =~ "Digilent Zed 210248764353"} -index 0
dow /home/marco/Documents/2020/RTOS_SDK_2018/RTOS_CPP_NEURONAL/Debug/RTOS_CPP_NEURONAL.elf
configparams force-mem-access 0
----------------End of Script----------------

22:28:27 INFO  : Memory regions updated for context APU
22:28:27 INFO  : Context for processor 'ps7_cortexa9_0' is selected.
22:28:27 INFO  : 'con' command is executed.
22:28:27 INFO  : ----------------XSDB Script (After Launch)----------------
targets -set -nocase -filter {name =~ "ARM*#0" && jtag_cable_name =~ "Digilent Zed 210248764353"} -index 0
con
----------------End of Script----------------

22:28:27 INFO  : Launch script is exported to file '/home/marco/Documents/2020/RTOS_SDK_2018/.sdk/launch_scripts/xilinx_c-c++_application_(system_debugger)/system_debugger_using_debug_rtos_cpp_neuronal.elf_on_local.tcl'
22:29:27 INFO  : Disconnected from the channel tcfchan#4.
22:29:28 INFO  : 'targets -set -filter {jtag_cable_name =~ "Digilent Zed 210248764353" && level==0} -index 1' command is executed.
22:29:28 INFO  : 'fpga -state' command is executed.
22:29:28 INFO  : Connected to target on host '127.0.0.1' and port '3121'.
22:29:28 INFO  : Jtag cable 'Digilent Zed 210248764353' is selected.
22:29:28 INFO  : 'jtag frequency' command is executed.
22:29:28 INFO  : Sourcing of '/home/marco/Documents/2020/RTOS_SDK_2018/RTOS_vivado_2018/ps7_init.tcl' is done.
22:29:28 INFO  : Context for 'APU' is selected.
22:29:30 INFO  : Hardware design information is loaded from '/home/marco/Documents/2020/RTOS_SDK_2018/RTOS_vivado_2018/system.hdf'.
22:29:30 INFO  : 'configparams force-mem-access 1' command is executed.
22:29:30 INFO  : Context for 'APU' is selected.
22:29:30 INFO  : 'stop' command is executed.
22:29:30 INFO  : 'ps7_init' command is executed.
22:29:30 INFO  : 'ps7_post_config' command is executed.
22:29:30 INFO  : Context for processor 'ps7_cortexa9_0' is selected.
22:29:30 INFO  : Processor reset is completed for 'ps7_cortexa9_0'.
22:29:30 INFO  : Context for processor 'ps7_cortexa9_0' is selected.
22:29:31 INFO  : The application '/home/marco/Documents/2020/RTOS_SDK_2018/RTOS_CPP_NEURONAL/Debug/RTOS_CPP_NEURONAL.elf' is downloaded to processor 'ps7_cortexa9_0'.
22:29:31 INFO  : 'configparams force-mem-access 0' command is executed.
22:29:31 INFO  : ----------------XSDB Script----------------
connect -url tcp:127.0.0.1:3121
source /home/marco/Documents/2020/RTOS_SDK_2018/RTOS_vivado_2018/ps7_init.tcl
targets -set -nocase -filter {name =~"APU*" && jtag_cable_name =~ "Digilent Zed 210248764353"} -index 0
loadhw -hw /home/marco/Documents/2020/RTOS_SDK_2018/RTOS_vivado_2018/system.hdf -mem-ranges [list {0x40000000 0xbfffffff}]
configparams force-mem-access 1
targets -set -nocase -filter {name =~"APU*" && jtag_cable_name =~ "Digilent Zed 210248764353"} -index 0
stop
ps7_init
ps7_post_config
targets -set -nocase -filter {name =~ "ARM*#0" && jtag_cable_name =~ "Digilent Zed 210248764353"} -index 0
rst -processor
targets -set -nocase -filter {name =~ "ARM*#0" && jtag_cable_name =~ "Digilent Zed 210248764353"} -index 0
dow /home/marco/Documents/2020/RTOS_SDK_2018/RTOS_CPP_NEURONAL/Debug/RTOS_CPP_NEURONAL.elf
configparams force-mem-access 0
----------------End of Script----------------

22:29:31 INFO  : Memory regions updated for context APU
22:29:32 INFO  : Context for processor 'ps7_cortexa9_0' is selected.
22:29:32 INFO  : 'con' command is executed.
22:29:32 INFO  : ----------------XSDB Script (After Launch)----------------
targets -set -nocase -filter {name =~ "ARM*#0" && jtag_cable_name =~ "Digilent Zed 210248764353"} -index 0
con
----------------End of Script----------------

22:29:32 INFO  : Launch script is exported to file '/home/marco/Documents/2020/RTOS_SDK_2018/.sdk/launch_scripts/xilinx_c-c++_application_(system_debugger)/system_debugger_using_debug_rtos_cpp_neuronal.elf_on_local.tcl'
22:30:47 INFO  : Disconnected from the channel tcfchan#5.
22:30:48 INFO  : 'targets -set -filter {jtag_cable_name =~ "Digilent Zed 210248764353" && level==0} -index 1' command is executed.
22:30:48 INFO  : 'fpga -state' command is executed.
22:30:48 INFO  : Connected to target on host '127.0.0.1' and port '3121'.
22:30:48 INFO  : Jtag cable 'Digilent Zed 210248764353' is selected.
22:30:48 INFO  : 'jtag frequency' command is executed.
22:30:48 INFO  : Sourcing of '/home/marco/Documents/2020/RTOS_SDK_2018/RTOS_vivado_2018/ps7_init.tcl' is done.
22:30:48 INFO  : Context for 'APU' is selected.
22:30:50 INFO  : Hardware design information is loaded from '/home/marco/Documents/2020/RTOS_SDK_2018/RTOS_vivado_2018/system.hdf'.
22:30:50 INFO  : 'configparams force-mem-access 1' command is executed.
22:30:50 INFO  : Context for 'APU' is selected.
22:30:50 INFO  : 'stop' command is executed.
22:30:50 INFO  : 'ps7_init' command is executed.
22:30:50 INFO  : 'ps7_post_config' command is executed.
22:30:50 INFO  : Context for processor 'ps7_cortexa9_0' is selected.
22:30:50 INFO  : Processor reset is completed for 'ps7_cortexa9_0'.
22:30:50 INFO  : Context for processor 'ps7_cortexa9_0' is selected.
22:30:52 INFO  : The application '/home/marco/Documents/2020/RTOS_SDK_2018/RTOS_CPP_NEURONAL/Debug/RTOS_CPP_NEURONAL.elf' is downloaded to processor 'ps7_cortexa9_0'.
22:30:52 INFO  : 'configparams force-mem-access 0' command is executed.
22:30:52 INFO  : ----------------XSDB Script----------------
connect -url tcp:127.0.0.1:3121
source /home/marco/Documents/2020/RTOS_SDK_2018/RTOS_vivado_2018/ps7_init.tcl
targets -set -nocase -filter {name =~"APU*" && jtag_cable_name =~ "Digilent Zed 210248764353"} -index 0
loadhw -hw /home/marco/Documents/2020/RTOS_SDK_2018/RTOS_vivado_2018/system.hdf -mem-ranges [list {0x40000000 0xbfffffff}]
configparams force-mem-access 1
targets -set -nocase -filter {name =~"APU*" && jtag_cable_name =~ "Digilent Zed 210248764353"} -index 0
stop
ps7_init
ps7_post_config
targets -set -nocase -filter {name =~ "ARM*#0" && jtag_cable_name =~ "Digilent Zed 210248764353"} -index 0
rst -processor
targets -set -nocase -filter {name =~ "ARM*#0" && jtag_cable_name =~ "Digilent Zed 210248764353"} -index 0
dow /home/marco/Documents/2020/RTOS_SDK_2018/RTOS_CPP_NEURONAL/Debug/RTOS_CPP_NEURONAL.elf
configparams force-mem-access 0
----------------End of Script----------------

22:30:52 INFO  : Memory regions updated for context APU
22:30:52 INFO  : Context for processor 'ps7_cortexa9_0' is selected.
22:30:52 INFO  : 'con' command is executed.
22:30:52 INFO  : ----------------XSDB Script (After Launch)----------------
targets -set -nocase -filter {name =~ "ARM*#0" && jtag_cable_name =~ "Digilent Zed 210248764353"} -index 0
con
----------------End of Script----------------

22:30:52 INFO  : Launch script is exported to file '/home/marco/Documents/2020/RTOS_SDK_2018/.sdk/launch_scripts/xilinx_c-c++_application_(system_debugger)/system_debugger_using_debug_rtos_cpp_neuronal.elf_on_local.tcl'
22:32:07 INFO  : Disconnected from the channel tcfchan#6.
22:32:08 INFO  : 'targets -set -filter {jtag_cable_name =~ "Digilent Zed 210248764353" && level==0} -index 1' command is executed.
22:32:08 INFO  : 'fpga -state' command is executed.
22:32:08 INFO  : Connected to target on host '127.0.0.1' and port '3121'.
22:32:08 INFO  : Jtag cable 'Digilent Zed 210248764353' is selected.
22:32:08 INFO  : 'jtag frequency' command is executed.
22:32:08 INFO  : Sourcing of '/home/marco/Documents/2020/RTOS_SDK_2018/RTOS_vivado_2018/ps7_init.tcl' is done.
22:32:09 INFO  : Context for 'APU' is selected.
22:32:10 INFO  : Hardware design information is loaded from '/home/marco/Documents/2020/RTOS_SDK_2018/RTOS_vivado_2018/system.hdf'.
22:32:10 INFO  : 'configparams force-mem-access 1' command is executed.
22:32:10 INFO  : Context for 'APU' is selected.
22:32:10 INFO  : 'stop' command is executed.
22:32:10 INFO  : 'ps7_init' command is executed.
22:32:10 INFO  : 'ps7_post_config' command is executed.
22:32:10 INFO  : Context for processor 'ps7_cortexa9_0' is selected.
22:32:10 INFO  : Processor reset is completed for 'ps7_cortexa9_0'.
22:32:10 INFO  : Context for processor 'ps7_cortexa9_0' is selected.
22:32:12 INFO  : The application '/home/marco/Documents/2020/RTOS_SDK_2018/RTOS_CPP_NEURONAL/Debug/RTOS_CPP_NEURONAL.elf' is downloaded to processor 'ps7_cortexa9_0'.
22:32:12 INFO  : 'configparams force-mem-access 0' command is executed.
22:32:12 INFO  : ----------------XSDB Script----------------
connect -url tcp:127.0.0.1:3121
source /home/marco/Documents/2020/RTOS_SDK_2018/RTOS_vivado_2018/ps7_init.tcl
targets -set -nocase -filter {name =~"APU*" && jtag_cable_name =~ "Digilent Zed 210248764353"} -index 0
loadhw -hw /home/marco/Documents/2020/RTOS_SDK_2018/RTOS_vivado_2018/system.hdf -mem-ranges [list {0x40000000 0xbfffffff}]
configparams force-mem-access 1
targets -set -nocase -filter {name =~"APU*" && jtag_cable_name =~ "Digilent Zed 210248764353"} -index 0
stop
ps7_init
ps7_post_config
targets -set -nocase -filter {name =~ "ARM*#0" && jtag_cable_name =~ "Digilent Zed 210248764353"} -index 0
rst -processor
targets -set -nocase -filter {name =~ "ARM*#0" && jtag_cable_name =~ "Digilent Zed 210248764353"} -index 0
dow /home/marco/Documents/2020/RTOS_SDK_2018/RTOS_CPP_NEURONAL/Debug/RTOS_CPP_NEURONAL.elf
configparams force-mem-access 0
----------------End of Script----------------

22:32:12 INFO  : Memory regions updated for context APU
22:32:12 INFO  : Context for processor 'ps7_cortexa9_0' is selected.
22:32:12 INFO  : 'con' command is executed.
22:32:12 INFO  : ----------------XSDB Script (After Launch)----------------
targets -set -nocase -filter {name =~ "ARM*#0" && jtag_cable_name =~ "Digilent Zed 210248764353"} -index 0
con
----------------End of Script----------------

22:32:12 INFO  : Launch script is exported to file '/home/marco/Documents/2020/RTOS_SDK_2018/.sdk/launch_scripts/xilinx_c-c++_application_(system_debugger)/system_debugger_using_debug_rtos_cpp_neuronal.elf_on_local.tcl'
22:32:57 INFO  : Disconnected from the channel tcfchan#7.
13:13:55 INFO  : Registering command handlers for SDK TCF services
13:13:56 INFO  : Launching XSCT server: xsct -n -interactive /home/marco/Documents/2020/RTOS_SDK_2018/temp_xsdb_launch_script.tcl
13:14:00 INFO  : XSCT server has started successfully.
13:14:01 INFO  : Successfully done setting XSCT server connection channel  
13:14:01 INFO  : Successfully done setting SDK workspace  
